<?xml version="1.0" encoding="UTF-8"?>
<!-- Generated by org.testng.reporters.JUnitReportReporter -->
<testsuite hostname="DESKTOP-5RPTDET" failures="0" tests="1" name="TestCases.VerifyLoginTestCase" time="6.978" errors="0" timestamp="2022-12-12T10:59:30 IST" skipped="0">
  <testcase classname="TestCases.VerifyLoginTestCase" name="login" time="6.978"/>
  <system-out/>
</testsuite> <!-- TestCases.VerifyLoginTestCase -->
