<?xml version="1.0" encoding="UTF-8"?>
<!-- Generated by org.testng.reporters.JUnitReportReporter -->
<testsuite hostname="DESKTOP-5RPTDET" failures="0" tests="1" name="TestCases.VerifySignUpTestCase" time="53.491" errors="0" timestamp="2022-12-12T10:59:30 IST" skipped="0">
  <testcase classname="TestCases.VerifySignUpTestCase" name="SignUp" time="53.491"/>
  <system-out/>
</testsuite> <!-- TestCases.VerifySignUpTestCase -->
